0 info it worked if it ends with ok
1 verbose cli [ '/usr/local/bin/node',
1 verbose cli   '/usr/local/bin/npm',
1 verbose cli   'install',
1 verbose cli   '-g',
1 verbose cli   'ios-deploy',
1 verbose cli   '--unsafe-perm',
1 verbose cli   '=',
1 verbose cli   'true' ]
2 info using npm@3.10.10
3 info using node@v6.11.0
4 silly loadCurrentTree Starting
5 silly install loadCurrentTree
6 silly install readGlobalPackageData
7 silly fetchPackageMetaData ios-deploy
8 silly fetchPackageMetaData =
9 silly fetchPackageMetaData true
10 silly fetchNamedPackageData ios-deploy
11 silly mapToRegistry name ios-deploy
12 silly mapToRegistry using default registry
13 silly mapToRegistry registry https://registry.npmjs.org/
14 silly mapToRegistry data Result {
14 silly mapToRegistry   raw: 'ios-deploy',
14 silly mapToRegistry   scope: null,
14 silly mapToRegistry   escapedName: 'ios-deploy',
14 silly mapToRegistry   name: 'ios-deploy',
14 silly mapToRegistry   rawSpec: '',
14 silly mapToRegistry   spec: 'latest',
14 silly mapToRegistry   type: 'tag' }
15 silly mapToRegistry uri https://registry.npmjs.org/ios-deploy
16 silly fetchOtherPackageData =
17 silly cache add args [ '=', null ]
18 verbose cache add spec =
19 silly fetchNamedPackageData true
20 silly mapToRegistry name true
21 silly mapToRegistry using default registry
22 silly mapToRegistry registry https://registry.npmjs.org/
23 silly mapToRegistry data Result {
23 silly mapToRegistry   raw: 'true',
23 silly mapToRegistry   scope: null,
23 silly mapToRegistry   escapedName: 'true',
23 silly mapToRegistry   name: 'true',
23 silly mapToRegistry   rawSpec: '',
23 silly mapToRegistry   spec: 'latest',
23 silly mapToRegistry   type: 'tag' }
24 silly mapToRegistry uri https://registry.npmjs.org/true
25 verbose request uri https://registry.npmjs.org/ios-deploy
26 verbose request no auth needed
27 info attempt registry request try #1 at 11:30:35 PM
28 verbose request id f0f426355a0f006e
29 http request GET https://registry.npmjs.org/ios-deploy
30 silly cache add parsed spec Result {
30 silly cache add   raw: '=',
30 silly cache add   scope: null,
30 silly cache add   escapedName: null,
30 silly cache add   name: null,
30 silly cache add   rawSpec: '=',
30 silly cache add   spec: '/Users/noname999/project/=',
30 silly cache add   type: 'local' }
31 verbose request uri https://registry.npmjs.org/true
32 verbose request no auth needed
33 info attempt registry request try #1 at 11:30:35 PM
34 http request GET https://registry.npmjs.org/true
35 error addLocal Could not install /Users/noname999/project/=
36 silly fetchPackageMetaData Error: ENOENT: no such file or directory, open '/Users/noname999/project/='
36 silly fetchPackageMetaData     at Error (native)
36 silly fetchPackageMetaData  error for = { Error: ENOENT: no such file or directory, open '/Users/noname999/project/='
36 silly fetchPackageMetaData     at Error (native)
36 silly fetchPackageMetaData   errno: -2,
36 silly fetchPackageMetaData   code: 'ENOENT',
36 silly fetchPackageMetaData   syscall: 'open',
36 silly fetchPackageMetaData   path: '/Users/noname999/project/=' }
37 http 200 https://registry.npmjs.org/true
38 verbose headers { server: 'nginx/1.10.3',
38 verbose headers   'content-type': 'application/json',
38 verbose headers   'last-modified': 'Tue, 16 Sep 2014 21:10:13 GMT',
38 verbose headers   etag: 'W/"5418a735-15f0"',
38 verbose headers   'content-encoding': 'gzip',
38 verbose headers   'cache-control': 'max-age=300',
38 verbose headers   'content-length': '1409',
38 verbose headers   'accept-ranges': 'bytes',
38 verbose headers   date: 'Sun, 02 Jul 2017 03:30:35 GMT',
38 verbose headers   via: '1.1 varnish',
38 verbose headers   age: '0',
38 verbose headers   connection: 'keep-alive',
38 verbose headers   'x-served-by': 'cache-yyz8325-YYZ',
38 verbose headers   'x-cache': 'MISS',
38 verbose headers   'x-cache-hits': '0',
38 verbose headers   'x-timer': 'S1498966235.465078,VS0,VE69',
38 verbose headers   vary: 'Accept-Encoding' }
39 silly get cb [ 200,
39 silly get   { server: 'nginx/1.10.3',
39 silly get     'content-type': 'application/json',
39 silly get     'last-modified': 'Tue, 16 Sep 2014 21:10:13 GMT',
39 silly get     etag: 'W/"5418a735-15f0"',
39 silly get     'content-encoding': 'gzip',
39 silly get     'cache-control': 'max-age=300',
39 silly get     'content-length': '1409',
39 silly get     'accept-ranges': 'bytes',
39 silly get     date: 'Sun, 02 Jul 2017 03:30:35 GMT',
39 silly get     via: '1.1 varnish',
39 silly get     age: '0',
39 silly get     connection: 'keep-alive',
39 silly get     'x-served-by': 'cache-yyz8325-YYZ',
39 silly get     'x-cache': 'MISS',
39 silly get     'x-cache-hits': '0',
39 silly get     'x-timer': 'S1498966235.465078,VS0,VE69',
39 silly get     vary: 'Accept-Encoding' } ]
40 verbose get saving true to /Users/noname999/.npm/registry.npmjs.org/true/.cache.json
41 verbose correctMkdir /Users/noname999/.npm correctMkdir not in flight; initializing
42 http 200 https://registry.npmjs.org/ios-deploy
43 verbose headers { server: 'nginx/1.10.3',
43 verbose headers   'content-type': 'application/json',
43 verbose headers   'last-modified': 'Tue, 20 Jun 2017 22:54:31 GMT',
43 verbose headers   etag: 'W/"5949a7a7-a58e"',
43 verbose headers   'content-encoding': 'gzip',
43 verbose headers   'cache-control': 'max-age=300',
43 verbose headers   'content-length': '6489',
43 verbose headers   'accept-ranges': 'bytes',
43 verbose headers   date: 'Sun, 02 Jul 2017 03:30:35 GMT',
43 verbose headers   via: '1.1 varnish',
43 verbose headers   age: '0',
43 verbose headers   connection: 'keep-alive',
43 verbose headers   'x-served-by': 'cache-yyz8327-YYZ',
43 verbose headers   'x-cache': 'MISS',
43 verbose headers   'x-cache-hits': '0',
43 verbose headers   'x-timer': 'S1498966236.674949,VS0,VE69',
43 verbose headers   vary: 'Accept-Encoding' }
44 silly get cb [ 200,
44 silly get   { server: 'nginx/1.10.3',
44 silly get     'content-type': 'application/json',
44 silly get     'last-modified': 'Tue, 20 Jun 2017 22:54:31 GMT',
44 silly get     etag: 'W/"5949a7a7-a58e"',
44 silly get     'content-encoding': 'gzip',
44 silly get     'cache-control': 'max-age=300',
44 silly get     'content-length': '6489',
44 silly get     'accept-ranges': 'bytes',
44 silly get     date: 'Sun, 02 Jul 2017 03:30:35 GMT',
44 silly get     via: '1.1 varnish',
44 silly get     age: '0',
44 silly get     connection: 'keep-alive',
44 silly get     'x-served-by': 'cache-yyz8327-YYZ',
44 silly get     'x-cache': 'MISS',
44 silly get     'x-cache-hits': '0',
44 silly get     'x-timer': 'S1498966236.674949,VS0,VE69',
44 silly get     vary: 'Accept-Encoding' } ]
45 verbose get saving ios-deploy to /Users/noname999/.npm/registry.npmjs.org/ios-deploy/.cache.json
46 verbose correctMkdir /Users/noname999/.npm correctMkdir not in flight; initializing
47 silly rollbackFailedOptional Starting
48 silly rollbackFailedOptional Finishing
49 silly runTopLevelLifecycles Finishing
50 silly install printInstalled
51 verbose stack Error: ENOENT: no such file or directory, open '/Users/noname999/project/='
51 verbose stack     at Error (native)
52 verbose cwd /Users/noname999/project
53 error Darwin 16.5.0
54 error argv "/usr/local/bin/node" "/usr/local/bin/npm" "install" "-g" "ios-deploy" "--unsafe-perm" "=" "true"
55 error node v6.11.0
56 error npm  v3.10.10
57 error path /Users/noname999/project/=
58 error code ENOENT
59 error errno -2
60 error syscall open
61 error enoent ENOENT: no such file or directory, open '/Users/noname999/project/='
62 error enoent ENOENT: no such file or directory, open '/Users/noname999/project/='
62 error enoent This is most likely not a problem with npm itself
62 error enoent and is related to npm not being able to find a file.
63 verbose exit [ -2, true ]
